Started at Sat Mar 04 17:15:32 UTC 2023
Processing flight-system
Offering flight-system to Project Build Discarder
Finished at Sat Mar 04 17:15:32 UTC 2023. 22ms
Started at Sat Mar 04 18:15:32 UTC 2023
Processing flight-system
Offering flight-system to Project Build Discarder
Finished at Sat Mar 04 18:15:32 UTC 2023. 14ms
Started at Sat Mar 04 19:15:32 UTC 2023
Processing flight-system
Offering flight-system to Project Build Discarder
Finished at Sat Mar 04 19:15:32 UTC 2023. 28ms
Started at Sat Mar 04 20:15:32 UTC 2023
Processing flight-system
Offering flight-system to Project Build Discarder
Finished at Sat Mar 04 20:15:32 UTC 2023. 18ms
Started at Sat Mar 04 21:15:31 UTC 2023
Processing flight-system
Offering flight-system to Project Build Discarder
Finished at Sat Mar 04 21:15:32 UTC 2023. 24ms
Started at Sat Mar 04 22:15:31 UTC 2023
Processing flight-system
Offering flight-system to Project Build Discarder
Finished at Sat Mar 04 22:15:31 UTC 2023. 26ms
Started at Sat Mar 04 23:15:31 UTC 2023
Processing flight-system
Offering flight-system to Project Build Discarder
Finished at Sat Mar 04 23:15:31 UTC 2023. 20ms
Started at Sun Mar 05 00:15:31 UTC 2023
Processing flight-system
Offering flight-system to Project Build Discarder
Finished at Sun Mar 05 00:15:31 UTC 2023. 29ms
Started at Sun Mar 05 01:15:32 UTC 2023
Processing flight-system
Offering flight-system to Project Build Discarder
Finished at Sun Mar 05 01:15:32 UTC 2023. 34ms
Started at Sun Mar 05 02:15:32 UTC 2023
Processing flight-system
Offering flight-system to Project Build Discarder
Finished at Sun Mar 05 02:15:32 UTC 2023. 16ms
Started at Sun Mar 05 03:15:32 UTC 2023
Processing flight-system
Offering flight-system to Project Build Discarder
Finished at Sun Mar 05 03:15:32 UTC 2023. 25ms
Started at Sun Mar 05 04:15:31 UTC 2023
Processing flight-system
Offering flight-system to Project Build Discarder
Finished at Sun Mar 05 04:15:31 UTC 2023. 26ms
Started at Sun Mar 05 05:15:31 UTC 2023
Processing flight-system
Offering flight-system to Project Build Discarder
Finished at Sun Mar 05 05:15:31 UTC 2023. 24ms
Started at Sun Mar 05 06:15:31 UTC 2023
Processing flight-system
Offering flight-system to Project Build Discarder
Finished at Sun Mar 05 06:15:31 UTC 2023. 24ms
Started at Sun Mar 05 07:15:32 UTC 2023
Processing flight-system
Offering flight-system to Project Build Discarder
Finished at Sun Mar 05 07:15:32 UTC 2023. 19ms
Started at Sun Mar 05 16:05:46 UTC 2023
Processing flight-system
Offering flight-system to Project Build Discarder
Finished at Sun Mar 05 16:05:46 UTC 2023. 28ms
Started at Sun Mar 05 17:05:46 UTC 2023
Processing flight-system
Offering flight-system to Project Build Discarder
Finished at Sun Mar 05 17:05:46 UTC 2023. 30ms
